Determining if the pthread_create exist failed with the following output:
Change Dir: /home/bfb-sc/catkin_ws/build/CMakeFiles/CMakeTmp

Run Build Command:/usr/bin/make "cmTryCompileExec2606379087/fast"
/usr/bin/make -f CMakeFiles/cmTryCompileExec2606379087.dir/build.make CMakeFiles/cmTryCompileExec2606379087.dir/build
make[1]: Entering directory `/home/bfb-sc/catkin_ws/build/CMakeFiles/CMakeTmp'
/usr/bin/cmake -E cmake_progress_report /home/bfb-sc/catkin_ws/build/CMakeFiles/CMakeTmp/CMakeFiles 1
Building C object CMakeFiles/cmTryCompileExec2606379087.dir/CheckSymbolExists.c.o
/usr/bin/cc    -o CMakeFiles/cmTryCompileExec2606379087.dir/CheckSymbolExists.c.o   -c /home/bfb-sc/catkin_ws/build/CMakeFiles/CMakeTmp/CheckSymbolExists.c
Linking C executable cmTryCompileExec2606379087
/usr/bin/cmake -E cmake_link_script CMakeFiles/cmTryCompileExec2606379087.dir/link.txt --verbose=1
/usr/bin/cc       CMakeFiles/cmTryCompileExec2606379087.dir/CheckSymbolExists.c.o  -o cmTryCompileExec2606379087 -rdynamic 
CMakeFiles/cmTryCompileExec2606379087.dir/CheckSymbolExists.c.o: In function `main':
CheckSymbolExists.c:(.text+0x16): undefined reference to `pthread_create'
collect2: error: ld returned 1 exit status
make[1]: *** [cmTryCompileExec2606379087] Error 1
make[1]: Leaving directory `/home/bfb-sc/catkin_ws/build/CMakeFiles/CMakeTmp'
make: *** [cmTryCompileExec2606379087/fast] Error 2

File /home/bfb-sc/catkin_ws/build/CMakeFiles/CMakeTmp/CheckSymbolExists.c:
/* */
#include <pthread.h>

int main(int argc, char** argv)
{
  (void)argv;
#ifndef pthread_create
  return ((int*)(&pthread_create))[argc];
#else
  (void)argc;
  return 0;
#endif
}

Determining if the function pthread_create exists in the pthreads failed with the following output:
Change Dir: /home/bfb-sc/catkin_ws/build/CMakeFiles/CMakeTmp

Run Build Command:/usr/bin/make "cmTryCompileExec1685543759/fast"
/usr/bin/make -f CMakeFiles/cmTryCompileExec1685543759.dir/build.make CMakeFiles/cmTryCompileExec1685543759.dir/build
make[1]: Entering directory `/home/bfb-sc/catkin_ws/build/CMakeFiles/CMakeTmp'
/usr/bin/cmake -E cmake_progress_report /home/bfb-sc/catkin_ws/build/CMakeFiles/CMakeTmp/CMakeFiles 1
Building C object CMakeFiles/cmTryCompileExec1685543759.dir/CheckFunctionExists.c.o
/usr/bin/cc   -DCHECK_FUNCTION_EXISTS=pthread_create   -o CMakeFiles/cmTryCompileExec1685543759.dir/CheckFunctionExists.c.o   -c /usr/share/cmake-2.8/Modules/CheckFunctionExists.c
Linking C executable cmTryCompileExec1685543759
/usr/bin/cmake -E cmake_link_script CMakeFiles/cmTryCompileExec1685543759.dir/link.txt --verbose=1
/usr/bin/cc   -DCHECK_FUNCTION_EXISTS=pthread_create    CMakeFiles/cmTryCompileExec1685543759.dir/CheckFunctionExists.c.o  -o cmTryCompileExec1685543759 -rdynamic -lpthreads 
/usr/bin/ld: cannot find -lpthreads
collect2: error: ld returned 1 exit status
make[1]: *** [cmTryCompileExec1685543759] Error 1
make[1]: Leaving directory `/home/bfb-sc/catkin_ws/build/CMakeFiles/CMakeTmp'
make: *** [cmTryCompileExec1685543759/fast] Error 2


